[0.015s] Invoking command in '/home/vboxuser/cppdiffdrive/build/diff_drive': CMAKE_PREFIX_PATH=${CMAKE_PREFIX_PATH}:/opt/ros/jazzy DEBUGINFOD_URLS=https://debuginfod.ubuntu.com /usr/bin/cmake --build /home/vboxuser/cppdiffdrive/build/diff_drive -- -j12 -l12
[0.040s] -- Found ament_cmake: 2.5.6 (/opt/ros/jazzy/share/ament_cmake/cmake)
[0.173s] -- Override CMake install command with custom implementation using symlinks instead of copying resources
[0.178s] -- Found rclcpp: 28.1.18 (/opt/ros/jazzy/share/rclcpp/cmake)
[0.193s] -- Found rosidl_generator_c: 4.6.7 (/opt/ros/jazzy/share/rosidl_generator_c/cmake)
[0.199s] -- Found rosidl_generator_cpp: 4.6.7 (/opt/ros/jazzy/share/rosidl_generator_cpp/cmake)
[0.206s] -- Using all available rosidl_typesupport_c: rosidl_typesupport_fastrtps_c;rosidl_typesupport_introspection_c
[0.221s] -- Using all available rosidl_typesupport_cpp: rosidl_typesupport_fastrtps_cpp;rosidl_typesupport_introspection_cpp
[0.265s] -- Found rmw_implementation_cmake: 7.3.3 (/opt/ros/jazzy/share/rmw_implementation_cmake/cmake)
[0.265s] -- Found rmw_fastrtps_cpp: 8.4.3 (/opt/ros/jazzy/share/rmw_fastrtps_cpp/cmake)
[0.299s] -- Using RMW implementation 'rmw_fastrtps_cpp' as default
[0.338s] -- Found geometry_msgs: 5.3.7 (/opt/ros/jazzy/share/geometry_msgs/cmake)
[0.355s] -- Unitree SDK NOT found -- dry_run only (set dry_run:=true at launch)
[0.358s] -- Found ament_cmake_gtest: 2.5.6 (/opt/ros/jazzy/share/ament_cmake_gtest/cmake)
[0.358s] -- Found gtest sources under '/opt/ros/jazzy/src/gtest_vendor': C++ tests using 'Google Test' will be built
[0.411s] -- Configuring done (0.4s)
[0.416s] [31mCMake Error at /opt/ros/jazzy/share/ament_cmake_gtest/cmake/ament_add_gtest_executable.cmake:50 (add_executable):
[0.416s]   Cannot find source file:
[0.416s] 
[0.416s]     test/test_motor_interface.cpp
[0.417s] 
[0.417s]   Tried extensions .c .C .c++ .cc .cpp .cxx .cu .mpp .m .M .mm .ixx .cppm
[0.417s]   .ccm .cxxm .c++m .h .hh .h++ .hm .hpp .hxx .in .txx .f .F .for .f77 .f90
[0.417s]   .f95 .f03 .hip .ispc
[0.417s] Call Stack (most recent call first):
[0.417s]   /opt/ros/jazzy/share/ament_cmake_gtest/cmake/ament_add_gtest_executable.cmake:37 (_ament_add_gtest_executable)
[0.417s]   /opt/ros/jazzy/share/ament_cmake_gtest/cmake/ament_add_gtest.cmake:68 (ament_add_gtest_executable)
[0.417s]   CMakeLists.txt:50 (ament_add_gtest)
[0.417s] 
[0.417s] [0m
[0.417s] [31mCMake Error at /opt/ros/jazzy/share/ament_cmake_gtest/cmake/ament_add_gtest_executable.cmake:50 (add_executable):
[0.417s]   No SOURCES given to target: test_motor_interface
[0.417s] Call Stack (most recent call first):
[0.417s]   /opt/ros/jazzy/share/ament_cmake_gtest/cmake/ament_add_gtest_executable.cmake:37 (_ament_add_gtest_executable)
[0.417s]   /opt/ros/jazzy/share/ament_cmake_gtest/cmake/ament_add_gtest.cmake:68 (ament_add_gtest_executable)
[0.417s]   CMakeLists.txt:50 (ament_add_gtest)
[0.417s] 
[0.418s] [0m
[0.418s] [0mCMake Generate step failed.  Build files cannot be regenerated correctly.[0m
[0.425s] gmake: *** [Makefile:349: cmake_check_build_system] Error 1
[0.444s] Invoked command in '/home/vboxuser/cppdiffdrive/build/diff_drive' returned '2': CMAKE_PREFIX_PATH=${CMAKE_PREFIX_PATH}:/opt/ros/jazzy DEBUGINFOD_URLS=https://debuginfod.ubuntu.com /usr/bin/cmake --build /home/vboxuser/cppdiffdrive/build/diff_drive -- -j12 -l12
