[0.019s] Invoking command in '/home/vboxuser/cppdiffdrive/build/diff_drive': CMAKE_PREFIX_PATH=${CMAKE_PREFIX_PATH}:/opt/ros/jazzy DEBUGINFOD_URLS=https://debuginfod.ubuntu.com /usr/bin/cmake --build /home/vboxuser/cppdiffdrive/build/diff_drive -- -j12 -l12
[0.452s] [ 16%] Built target gtest_main
[0.452s] [ 33%] Built target gtest
[0.502s] [ 66%] Built target test_motor_interface
[0.502s] [ 58%] Built target cmd_vel_publisher
[0.502s] [ 83%] Built target diff_drive_node
[0.502s] [100%] Built target motor_interface_node
[0.518s] Invoked command in '/home/vboxuser/cppdiffdrive/build/diff_drive' returned '0': CMAKE_PREFIX_PATH=${CMAKE_PREFIX_PATH}:/opt/ros/jazzy DEBUGINFOD_URLS=https://debuginfod.ubuntu.com /usr/bin/cmake --build /home/vboxuser/cppdiffdrive/build/diff_drive -- -j12 -l12
[0.545s] Invoking command in '/home/vboxuser/cppdiffdrive/build/diff_drive': CMAKE_PREFIX_PATH=${CMAKE_PREFIX_PATH}:/opt/ros/jazzy DEBUGINFOD_URLS=https://debuginfod.ubuntu.com /usr/bin/cmake --install /home/vboxuser/cppdiffdrive/build/diff_drive
[0.554s] -- Install configuration: ""
[0.555s] -- Execute custom install script
[0.557s] -- Up-to-date symlink: /home/vboxuser/cppdiffdrive/install/diff_drive/lib/diff_drive/diff_drive_node
[0.558s] -- Up-to-date symlink: /home/vboxuser/cppdiffdrive/install/diff_drive/lib/diff_drive/cmd_vel_publisher
[0.558s] -- Up-to-date symlink: /home/vboxuser/cppdiffdrive/install/diff_drive/lib/diff_drive/motor_interface_node
[0.558s] -- Up-to-date symlink: /home/vboxuser/cppdiffdrive/install/diff_drive/share/ament_index/resource_index/package_run_dependencies/diff_drive
[0.559s] -- Up-to-date symlink: /home/vboxuser/cppdiffdrive/install/diff_drive/share/ament_index/resource_index/parent_prefix_path/diff_drive
[0.566s] -- Up-to-date symlink: /home/vboxuser/cppdiffdrive/install/diff_drive/share/diff_drive/environment/ament_prefix_path.sh
[0.570s] -- Up-to-date symlink: /home/vboxuser/cppdiffdrive/install/diff_drive/share/diff_drive/environment/ament_prefix_path.dsv
[0.575s] -- Up-to-date symlink: /home/vboxuser/cppdiffdrive/install/diff_drive/share/diff_drive/environment/path.sh
[0.581s] -- Up-to-date symlink: /home/vboxuser/cppdiffdrive/install/diff_drive/share/diff_drive/environment/path.dsv
[0.582s] -- Up-to-date symlink: /home/vboxuser/cppdiffdrive/install/diff_drive/share/diff_drive/local_setup.bash
[0.586s] -- Up-to-date symlink: /home/vboxuser/cppdiffdrive/install/diff_drive/share/diff_drive/local_setup.sh
[0.586s] -- Up-to-date symlink: /home/vboxuser/cppdiffdrive/install/diff_drive/share/diff_drive/local_setup.zsh
[0.586s] -- Up-to-date symlink: /home/vboxuser/cppdiffdrive/install/diff_drive/share/diff_drive/local_setup.dsv
[0.586s] -- Symlinking: /home/vboxuser/cppdiffdrive/install/diff_drive/share/diff_drive/package.dsv
[0.596s] -- Up-to-date symlink: /home/vboxuser/cppdiffdrive/install/diff_drive/share/ament_index/resource_index/packages/diff_drive
[0.597s] -- Up-to-date symlink: /home/vboxuser/cppdiffdrive/install/diff_drive/share/diff_drive/cmake/diff_driveConfig.cmake
[0.597s] -- Up-to-date symlink: /home/vboxuser/cppdiffdrive/install/diff_drive/share/diff_drive/cmake/diff_driveConfig-version.cmake
[0.597s] -- Up-to-date symlink: /home/vboxuser/cppdiffdrive/install/diff_drive/share/diff_drive/package.xml
[0.600s] Invoked command in '/home/vboxuser/cppdiffdrive/build/diff_drive' returned '0': CMAKE_PREFIX_PATH=${CMAKE_PREFIX_PATH}:/opt/ros/jazzy DEBUGINFOD_URLS=https://debuginfod.ubuntu.com /usr/bin/cmake --install /home/vboxuser/cppdiffdrive/build/diff_drive
