[0.022s] Invoking command in '/home/vboxuser/cppdiffdrive/build/diff_drive': CMAKE_PREFIX_PATH=${CMAKE_PREFIX_PATH}:/opt/ros/jazzy DEBUGINFOD_URLS=https://debuginfod.ubuntu.com /usr/bin/cmake --build /home/vboxuser/cppdiffdrive/build/diff_drive -- -j12 -l12
[0.054s] -- Found ament_cmake: 2.5.6 (/opt/ros/jazzy/share/ament_cmake/cmake)
[0.199s] -- Override CMake install command with custom implementation using symlinks instead of copying resources
[0.208s] -- Found rclcpp: 28.1.18 (/opt/ros/jazzy/share/rclcpp/cmake)
[0.260s] -- Found rosidl_generator_c: 4.6.7 (/opt/ros/jazzy/share/rosidl_generator_c/cmake)
[0.260s] -- Found rosidl_generator_cpp: 4.6.7 (/opt/ros/jazzy/share/rosidl_generator_cpp/cmake)
[0.260s] -- Using all available rosidl_typesupport_c: rosidl_typesupport_fastrtps_c;rosidl_typesupport_introspection_c
[0.261s] -- Using all available rosidl_typesupport_cpp: rosidl_typesupport_fastrtps_cpp;rosidl_typesupport_introspection_cpp
[0.276s] -- Found rmw_implementation_cmake: 7.3.3 (/opt/ros/jazzy/share/rmw_implementation_cmake/cmake)
[0.278s] -- Found rmw_fastrtps_cpp: 8.4.3 (/opt/ros/jazzy/share/rmw_fastrtps_cpp/cmake)
[0.327s] -- Using RMW implementation 'rmw_fastrtps_cpp' as default
[0.364s] -- Found geometry_msgs: 5.3.7 (/opt/ros/jazzy/share/geometry_msgs/cmake)
[0.382s] -- Unitree SDK NOT found -- dry_run only (set dry_run:=true at launch)
[0.386s] -- Found ament_cmake_gtest: 2.5.6 (/opt/ros/jazzy/share/ament_cmake_gtest/cmake)
[0.389s] -- Found gtest sources under '/opt/ros/jazzy/src/gtest_vendor': C++ tests using 'Google Test' will be built
[0.393s] -- Performing Test CMAKE_HAVE_LIBC_PTHREAD
[0.482s] -- Performing Test CMAKE_HAVE_LIBC_PTHREAD - Success
[0.482s] -- Found Threads: TRUE  
[0.552s] [31mCMake Error at /opt/ros/jazzy/share/ament_cmake_core/cmake/core/ament_package_xml.cmake:53 (message):
[0.552s]   ament_package_xml() package name 'diff_drive' in '/package.xml' does not
[0.552s]   match current PROJECT_NAME 'diff_drive_cpp'.  You must call project() with
[0.552s]   the same package name before.
[0.552s] Call Stack (most recent call first):
[0.552s]   /opt/ros/jazzy/share/ament_cmake_core/cmake/core/ament_package.cmake:63 (ament_package_xml)
[0.552s]   CMakeLists.txt:52 (ament_package)
[0.552s] 
[0.552s] [0m
[0.552s] -- Configuring incomplete, errors occurred!
[0.562s] gmake: *** [Makefile:349: cmake_check_build_system] Error 1
[0.564s] Invoked command in '/home/vboxuser/cppdiffdrive/build/diff_drive' returned '2': CMAKE_PREFIX_PATH=${CMAKE_PREFIX_PATH}:/opt/ros/jazzy DEBUGINFOD_URLS=https://debuginfod.ubuntu.com /usr/bin/cmake --build /home/vboxuser/cppdiffdrive/build/diff_drive -- -j12 -l12
