[0.015s] Invoking command in '/home/qeftser/vip/cppdiffdrive/cppdiffdrive/build/diff_drive': CMAKE_PREFIX_PATH=${CMAKE_PREFIX_PATH}:/opt/ros/jazzy DEBUGINFOD_URLS=https://debuginfod.ubuntu.com /usr/bin/cmake --build /home/qeftser/vip/cppdiffdrive/cppdiffdrive/build/diff_drive -- -j8 -l8
[0.084s] [ 16%] Built target gtest_main
[0.089s] [ 33%] Built target diff_drive_node
[0.094s] [ 50%] Built target gtest
[0.097s] [ 66%] Built target cmd_vel_publisher
[0.107s] [ 75%] [32mBuilding CXX object CMakeFiles/motor_interface_node.dir/src/motor_interface_node.cpp.o[0m
[0.126s] [ 91%] Built target test_motor_interface
[5.067s] [100%] [32m[1mLinking CXX executable motor_interface_node[0m
[5.267s] /usr/bin/ld: CMakeFiles/motor_interface_node.dir/src/motor_interface_node.cpp.o: in function `MotorInterfaceNode::MotorInterfaceNode()':
[5.267s] motor_interface_node.cpp:(.text._ZN18MotorInterfaceNodeC2Ev[_ZN18MotorInterfaceNodeC5Ev]+0xa40): undefined reference to `SerialPort::SerialPort(std::__cxx11::basic_string<char, std::char_traits<char>, std::allocator<char> > const&, unsigned long, unsigned int, unsigned long, BlockYN, bytesize_t, parity_t, stopbits_t, flowcontrol_t)'
[5.267s] /usr/bin/ld: motor_interface_node.cpp:(.text._ZN18MotorInterfaceNodeC2Ev[_ZN18MotorInterfaceNodeC5Ev]+0xb1b): undefined reference to `SerialPort::SerialPort(std::__cxx11::basic_string<char, std::char_traits<char>, std::allocator<char> > const&, unsigned long, unsigned int, unsigned long, BlockYN, bytesize_t, parity_t, stopbits_t, flowcontrol_t)'
[5.267s] /usr/bin/ld: CMakeFiles/motor_interface_node.dir/src/motor_interface_node.cpp.o: in function `MotorInterfaceNode::build_speed_cmd(int, double)':
[5.268s] motor_interface_node.cpp:(.text._ZN18MotorInterfaceNode15build_speed_cmdEid[_ZN18MotorInterfaceNode15build_speed_cmdEid]+0x3d): undefined reference to `queryMotorMode(MotorType, MotorMode)'
[5.268s] /usr/bin/ld: motor_interface_node.cpp:(.text._ZN18MotorInterfaceNode15build_speed_cmdEid[_ZN18MotorInterfaceNode15build_speed_cmdEid]+0x89): undefined reference to `queryGearRatio(MotorType)'
[5.268s] /usr/bin/ld: CMakeFiles/motor_interface_node.dir/src/motor_interface_node.cpp.o: in function `MotorInterfaceNode::send_speed_cmd(int, double, int)':
[5.268s] motor_interface_node.cpp:(.text._ZN18MotorInterfaceNode14send_speed_cmdEidi[_ZN18MotorInterfaceNode14send_speed_cmdEidi]+0xae): undefined reference to `SerialPort::sendRecv(MotorCmd*, MotorData*)'
[5.268s] /usr/bin/ld: motor_interface_node.cpp:(.text._ZN18MotorInterfaceNode14send_speed_cmdEidi[_ZN18MotorInterfaceNode14send_speed_cmdEidi]+0xd7): undefined reference to `SerialPort::sendRecv(MotorCmd*, MotorData*)'
[5.288s] collect2: error: ld returned 1 exit status
[5.290s] gmake[2]: *** [CMakeFiles/motor_interface_node.dir/build.make:171: motor_interface_node] Error 1
[5.291s] gmake[1]: *** [CMakeFiles/Makefile2:213: CMakeFiles/motor_interface_node.dir/all] Error 2
[5.291s] gmake: *** [Makefile:146: all] Error 2
[5.293s] Invoked command in '/home/qeftser/vip/cppdiffdrive/cppdiffdrive/build/diff_drive' returned '2': CMAKE_PREFIX_PATH=${CMAKE_PREFIX_PATH}:/opt/ros/jazzy DEBUGINFOD_URLS=https://debuginfod.ubuntu.com /usr/bin/cmake --build /home/qeftser/vip/cppdiffdrive/cppdiffdrive/build/diff_drive -- -j8 -l8
