-- Found ament_cmake: 2.5.6 (/opt/ros/jazzy/share/ament_cmake/cmake)
-- Override CMake install command with custom implementation using symlinks instead of copying resources
-- Found rclcpp: 28.1.18 (/opt/ros/jazzy/share/rclcpp/cmake)
-- Found rosidl_generator_c: 4.6.7 (/opt/ros/jazzy/share/rosidl_generator_c/cmake)
-- Found rosidl_generator_cpp: 4.6.7 (/opt/ros/jazzy/share/rosidl_generator_cpp/cmake)
-- Using all available rosidl_typesupport_c: rosidl_typesupport_fastrtps_c;rosidl_typesupport_introspection_c
-- Using all available rosidl_typesupport_cpp: rosidl_typesupport_fastrtps_cpp;rosidl_typesupport_introspection_cpp
-- Found rmw_implementation_cmake: 7.3.3 (/opt/ros/jazzy/share/rmw_implementation_cmake/cmake)
-- Found rmw_fastrtps_cpp: 8.4.3 (/opt/ros/jazzy/share/rmw_fastrtps_cpp/cmake)
-- Using RMW implementation 'rmw_fastrtps_cpp' as default
-- Found geometry_msgs: 5.3.7 (/opt/ros/jazzy/share/geometry_msgs/cmake)
-- Unitree SDK NOT found -- dry_run only (set dry_run:=true at launch)
-- Found ament_cmake_gtest: 2.5.6 (/opt/ros/jazzy/share/ament_cmake_gtest/cmake)
-- Found gtest sources under '/opt/ros/jazzy/src/gtest_vendor': C++ tests using 'Google Test' will be built
-- Configuring done (0.4s)
-- Generating done (0.0s)
-- Build files have been written to: /home/vboxuser/cppdiffdrive/build/diff_drive
[ 16%] [32mBuilding CXX object gtest/CMakeFiles/gtest.dir/src/gtest-all.cc.o[0m
[ 16%] [32mBuilding CXX object gtest/CMakeFiles/gtest_main.dir/src/gtest_main.cc.o[0m
[ 25%] [32mBuilding CXX object CMakeFiles/motor_interface_node.dir/src/motor_interface_node.cpp.o[0m
[ 33%] [32mBuilding CXX object CMakeFiles/diff_drive_node.dir/src/diff_drive_node.cpp.o[0m
[ 41%] [32mBuilding CXX object CMakeFiles/cmd_vel_publisher.dir/src/cmd_vel_publisher.cpp.o[0m
[ 50%] [32m[1mLinking CXX static library libgtest_main.a[0m
[ 50%] Built target gtest_main
[ 58%] [32m[1mLinking CXX static library libgtest.a[0m
[ 58%] Built target gtest
[ 66%] [32mBuilding CXX object CMakeFiles/test_motor_interface.dir/test/test_motor_interface.cpp.o[0m
[ 75%] [32m[1mLinking CXX executable cmd_vel_publisher[0m
[ 75%] Built target cmd_vel_publisher
[ 83%] [32m[1mLinking CXX executable test_motor_interface[0m
[ 83%] Built target test_motor_interface
[ 91%] [32m[1mLinking CXX executable motor_interface_node[0m
[100%] [32m[1mLinking CXX executable diff_drive_node[0m
[100%] Built target motor_interface_node
[100%] Built target diff_drive_node
-- Install configuration: ""
-- Execute custom install script
-- Symlinking: /home/vboxuser/cppdiffdrive/install/diff_drive/lib/diff_drive/diff_drive_node
-- Symlinking: /home/vboxuser/cppdiffdrive/install/diff_drive/lib/diff_drive/cmd_vel_publisher
-- Symlinking: /home/vboxuser/cppdiffdrive/install/diff_drive/lib/diff_drive/motor_interface_node
-- Symlinking: /home/vboxuser/cppdiffdrive/install/diff_drive/share/ament_index/resource_index/package_run_dependencies/diff_drive
-- Symlinking: /home/vboxuser/cppdiffdrive/install/diff_drive/share/ament_index/resource_index/parent_prefix_path/diff_drive
-- Symlinking: /home/vboxuser/cppdiffdrive/install/diff_drive/share/diff_drive/environment/ament_prefix_path.sh
-- Symlinking: /home/vboxuser/cppdiffdrive/install/diff_drive/share/diff_drive/environment/ament_prefix_path.dsv
-- Symlinking: /home/vboxuser/cppdiffdrive/install/diff_drive/share/diff_drive/environment/path.sh
-- Symlinking: /home/vboxuser/cppdiffdrive/install/diff_drive/share/diff_drive/environment/path.dsv
-- Symlinking: /home/vboxuser/cppdiffdrive/install/diff_drive/share/diff_drive/local_setup.bash
-- Symlinking: /home/vboxuser/cppdiffdrive/install/diff_drive/share/diff_drive/local_setup.sh
-- Symlinking: /home/vboxuser/cppdiffdrive/install/diff_drive/share/diff_drive/local_setup.zsh
-- Symlinking: /home/vboxuser/cppdiffdrive/install/diff_drive/share/diff_drive/local_setup.dsv
-- Symlinking: /home/vboxuser/cppdiffdrive/install/diff_drive/share/diff_drive/package.dsv
-- Symlinking: /home/vboxuser/cppdiffdrive/install/diff_drive/share/ament_index/resource_index/packages/diff_drive
-- Symlinking: /home/vboxuser/cppdiffdrive/install/diff_drive/share/diff_drive/cmake/diff_driveConfig.cmake
-- Symlinking: /home/vboxuser/cppdiffdrive/install/diff_drive/share/diff_drive/cmake/diff_driveConfig-version.cmake
-- Symlinking: /home/vboxuser/cppdiffdrive/install/diff_drive/share/diff_drive/package.xml
