[0.018s] Invoking command in '/home/vboxuser/cppdiffdrive/build/diff_drive': CMAKE_PREFIX_PATH=${CMAKE_PREFIX_PATH}:/opt/ros/jazzy DEBUGINFOD_URLS=https://debuginfod.ubuntu.com /usr/bin/cmake --build /home/vboxuser/cppdiffdrive/build/diff_drive -- -j12 -l12
[0.050s] -- Found ament_cmake: 2.5.6 (/opt/ros/jazzy/share/ament_cmake/cmake)
[0.181s] -- Override CMake install command with custom implementation using symlinks instead of copying resources
[0.185s] -- Found rclcpp: 28.1.18 (/opt/ros/jazzy/share/rclcpp/cmake)
[0.201s] -- Found rosidl_generator_c: 4.6.7 (/opt/ros/jazzy/share/rosidl_generator_c/cmake)
[0.206s] -- Found rosidl_generator_cpp: 4.6.7 (/opt/ros/jazzy/share/rosidl_generator_cpp/cmake)
[0.217s] -- Using all available rosidl_typesupport_c: rosidl_typesupport_fastrtps_c;rosidl_typesupport_introspection_c
[0.225s] -- Using all available rosidl_typesupport_cpp: rosidl_typesupport_fastrtps_cpp;rosidl_typesupport_introspection_cpp
[0.257s] -- Found rmw_implementation_cmake: 7.3.3 (/opt/ros/jazzy/share/rmw_implementation_cmake/cmake)
[0.259s] -- Found rmw_fastrtps_cpp: 8.4.3 (/opt/ros/jazzy/share/rmw_fastrtps_cpp/cmake)
[0.301s] -- Using RMW implementation 'rmw_fastrtps_cpp' as default
[0.343s] -- Found geometry_msgs: 5.3.7 (/opt/ros/jazzy/share/geometry_msgs/cmake)
[0.363s] -- Unitree SDK NOT found -- dry_run only (set dry_run:=true at launch)
[0.366s] -- Found ament_cmake_gtest: 2.5.6 (/opt/ros/jazzy/share/ament_cmake_gtest/cmake)
[0.366s] -- Found gtest sources under '/opt/ros/jazzy/src/gtest_vendor': C++ tests using 'Google Test' will be built
[0.424s] -- Configuring done (0.4s)
[0.453s] -- Generating done (0.0s)
[0.459s] -- Build files have been written to: /home/vboxuser/cppdiffdrive/build/diff_drive
[0.495s] [ 16%] [32mBuilding CXX object gtest/CMakeFiles/gtest.dir/src/gtest-all.cc.o[0m
[0.495s] [ 16%] [32mBuilding CXX object gtest/CMakeFiles/gtest_main.dir/src/gtest_main.cc.o[0m
[0.502s] [ 25%] [32mBuilding CXX object CMakeFiles/motor_interface_node.dir/src/motor_interface_node.cpp.o[0m
[0.502s] [ 33%] [32mBuilding CXX object CMakeFiles/diff_drive_node.dir/src/diff_drive_node.cpp.o[0m
[0.502s] [ 41%] [32mBuilding CXX object CMakeFiles/cmd_vel_publisher.dir/src/cmd_vel_publisher.cpp.o[0m
[1.777s] [ 50%] [32m[1mLinking CXX static library libgtest_main.a[0m
[1.822s] [ 50%] Built target gtest_main
[4.239s] [ 58%] [32m[1mLinking CXX static library libgtest.a[0m
[4.307s] [ 58%] Built target gtest
[4.331s] [ 66%] [32mBuilding CXX object CMakeFiles/test_motor_interface.dir/test/test_motor_interface.cpp.o[0m
[4.839s] [ 75%] [32m[1mLinking CXX executable cmd_vel_publisher[0m
[4.964s] [ 75%] Built target cmd_vel_publisher
[5.004s] [ 83%] [32m[1mLinking CXX executable test_motor_interface[0m
[5.092s] [ 83%] Built target test_motor_interface
[7.408s] [ 91%] [32m[1mLinking CXX executable motor_interface_node[0m
[7.444s] [100%] [32m[1mLinking CXX executable diff_drive_node[0m
[7.618s] [100%] Built target motor_interface_node
[7.653s] [100%] Built target diff_drive_node
[7.671s] Invoked command in '/home/vboxuser/cppdiffdrive/build/diff_drive' returned '0': CMAKE_PREFIX_PATH=${CMAKE_PREFIX_PATH}:/opt/ros/jazzy DEBUGINFOD_URLS=https://debuginfod.ubuntu.com /usr/bin/cmake --build /home/vboxuser/cppdiffdrive/build/diff_drive -- -j12 -l12
[7.680s] Invoking command in '/home/vboxuser/cppdiffdrive/build/diff_drive': CMAKE_PREFIX_PATH=${CMAKE_PREFIX_PATH}:/opt/ros/jazzy DEBUGINFOD_URLS=https://debuginfod.ubuntu.com /usr/bin/cmake --install /home/vboxuser/cppdiffdrive/build/diff_drive
[7.687s] -- Install configuration: ""
[7.687s] -- Execute custom install script
[7.688s] -- Symlinking: /home/vboxuser/cppdiffdrive/install/diff_drive/lib/diff_drive/diff_drive_node
[7.696s] -- Symlinking: /home/vboxuser/cppdiffdrive/install/diff_drive/lib/diff_drive/cmd_vel_publisher
[7.703s] -- Symlinking: /home/vboxuser/cppdiffdrive/install/diff_drive/lib/diff_drive/motor_interface_node
[7.709s] -- Symlinking: /home/vboxuser/cppdiffdrive/install/diff_drive/share/ament_index/resource_index/package_run_dependencies/diff_drive
[7.719s] -- Symlinking: /home/vboxuser/cppdiffdrive/install/diff_drive/share/ament_index/resource_index/parent_prefix_path/diff_drive
[7.728s] -- Symlinking: /home/vboxuser/cppdiffdrive/install/diff_drive/share/diff_drive/environment/ament_prefix_path.sh
[7.735s] -- Symlinking: /home/vboxuser/cppdiffdrive/install/diff_drive/share/diff_drive/environment/ament_prefix_path.dsv
[7.742s] -- Symlinking: /home/vboxuser/cppdiffdrive/install/diff_drive/share/diff_drive/environment/path.sh
[7.748s] -- Symlinking: /home/vboxuser/cppdiffdrive/install/diff_drive/share/diff_drive/environment/path.dsv
[7.754s] -- Symlinking: /home/vboxuser/cppdiffdrive/install/diff_drive/share/diff_drive/local_setup.bash
[7.761s] -- Symlinking: /home/vboxuser/cppdiffdrive/install/diff_drive/share/diff_drive/local_setup.sh
[7.767s] -- Symlinking: /home/vboxuser/cppdiffdrive/install/diff_drive/share/diff_drive/local_setup.zsh
[7.773s] -- Symlinking: /home/vboxuser/cppdiffdrive/install/diff_drive/share/diff_drive/local_setup.dsv
[7.779s] -- Symlinking: /home/vboxuser/cppdiffdrive/install/diff_drive/share/diff_drive/package.dsv
[7.788s] -- Symlinking: /home/vboxuser/cppdiffdrive/install/diff_drive/share/ament_index/resource_index/packages/diff_drive
[7.796s] -- Symlinking: /home/vboxuser/cppdiffdrive/install/diff_drive/share/diff_drive/cmake/diff_driveConfig.cmake
[7.803s] -- Symlinking: /home/vboxuser/cppdiffdrive/install/diff_drive/share/diff_drive/cmake/diff_driveConfig-version.cmake
[7.809s] -- Symlinking: /home/vboxuser/cppdiffdrive/install/diff_drive/share/diff_drive/package.xml
[7.820s] Invoked command in '/home/vboxuser/cppdiffdrive/build/diff_drive' returned '0': CMAKE_PREFIX_PATH=${CMAKE_PREFIX_PATH}:/opt/ros/jazzy DEBUGINFOD_URLS=https://debuginfod.ubuntu.com /usr/bin/cmake --install /home/vboxuser/cppdiffdrive/build/diff_drive
