[0.064s] DEBUG:colcon:Command line arguments: ['/usr/bin/colcon', 'build']
[0.064s] DEBUG:colcon:Parsed command line arguments: Namespace(log_base=None, log_level=None, verb_name='build', build_base='build', install_base='install', merge_install=False, symlink_install=False, test_result_base=None, continue_on_error=False, executor='parallel', parallel_workers=8, event_handlers=None, ignore_user_meta=False, metas=['./colcon.meta'], base_paths=['.'], packages_ignore=None, packages_ignore_regex=None, paths=None, packages_up_to=None, packages_up_to_regex=None, packages_above=None, packages_above_and_dependencies=None, packages_above_depth=None, packages_select_by_dep=None, packages_skip_by_dep=None, packages_skip_up_to=None, packages_select_build_failed=False, packages_skip_build_finished=False, packages_select_test_failures=False, packages_skip_test_passed=False, packages_select=None, packages_skip=None, packages_select_regex=None, packages_skip_regex=None, packages_start=None, packages_end=None, allow_overriding=[], cmake_args=None, cmake_target=None, cmake_target_skip_unavailable=False, cmake_clean_cache=False, cmake_clean_first=False, cmake_force_configure=False, ament_cmake_args=None, catkin_cmake_args=None, catkin_skip_building_tests=False, mixin_files=None, mixin=None, verb_parser=<colcon_mixin.mixin.mixin_argument.MixinArgumentDecorator object at 0x7f722cda97c0>, verb_extension=<colcon_core.verb.build.BuildVerb object at 0x7f722cda9490>, main=<bound method BuildVerb.main of <colcon_core.verb.build.BuildVerb object at 0x7f722cda9490>>, mixin_verb=('build',))
[0.087s] Level 1:colcon.colcon_core.package_discovery:discover_packages(colcon_meta) check parameters
[0.087s] Level 1:colcon.colcon_core.package_discovery:discover_packages(recursive) check parameters
[0.087s] Level 1:colcon.colcon_core.package_discovery:discover_packages(ignore) check parameters
[0.087s] Level 1:colcon.colcon_core.package_discovery:discover_packages(path) check parameters
[0.087s] Level 1:colcon.colcon_core.package_discovery:discover_packages(colcon_meta) discover
[0.087s] Level 1:colcon.colcon_core.package_discovery:discover_packages(recursive) discover
[0.087s] INFO:colcon.colcon_core.package_discovery:Crawling recursively for packages in '/home/qeftser/vip/cppdiffdrive/cppdiffdrive'
[0.087s] Level 1:colcon.colcon_core.package_identification:_identify(.) by extensions ['ignore', 'ignore_ament_install']
[0.087s] Level 1:colcon.colcon_core.package_identification:_identify(.) by extension 'ignore'
[0.087s] Level 1:colcon.colcon_core.package_identification:_identify(.) by extension 'ignore_ament_install'
[0.087s] Level 1:colcon.colcon_core.package_identification:_identify(.) by extensions ['colcon_pkg']
[0.087s] Level 1:colcon.colcon_core.package_identification:_identify(.) by extension 'colcon_pkg'
[0.087s] Level 1:colcon.colcon_core.package_identification:_identify(.) by extensions ['colcon_meta']
[0.087s] Level 1:colcon.colcon_core.package_identification:_identify(.) by extension 'colcon_meta'
[0.087s] Level 1:colcon.colcon_core.package_identification:_identify(.) by extensions ['ros']
[0.087s] Level 1:colcon.colcon_core.package_identification:_identify(.) by extension 'ros'
[0.103s] Level 1:colcon.colcon_core.package_identification:_identify(.) by extensions ['cmake', 'python']
[0.103s] Level 1:colcon.colcon_core.package_identification:_identify(.) by extension 'cmake'
[0.103s] Level 1:colcon.colcon_core.package_identification:_identify(.) by extension 'python'
[0.103s] Level 1:colcon.colcon_core.package_identification:_identify(.) by extensions ['python_setup_py']
[0.103s] Level 1:colcon.colcon_core.package_identification:_identify(.) by extension 'python_setup_py'
[0.103s] Level 1:colcon.colcon_core.package_identification:_identify(build) by extensions ['ignore', 'ignore_ament_install']
[0.103s] Level 1:colcon.colcon_core.package_identification:_identify(build) by extension 'ignore'
[0.103s] Level 1:colcon.colcon_core.package_identification:_identify(build) ignored
[0.103s] Level 1:colcon.colcon_core.package_identification:_identify(install) by extensions ['ignore', 'ignore_ament_install']
[0.103s] Level 1:colcon.colcon_core.package_identification:_identify(install) by extension 'ignore'
[0.103s] Level 1:colcon.colcon_core.package_identification:_identify(install) ignored
[0.103s] Level 1:colcon.colcon_core.package_identification:_identify(log) by extensions ['ignore', 'ignore_ament_install']
[0.103s] Level 1:colcon.colcon_core.package_identification:_identify(log) by extension 'ignore'
[0.103s] Level 1:colcon.colcon_core.package_identification:_identify(log) ignored
[0.103s] Level 1:colcon.colcon_core.package_identification:_identify(src) by extensions ['ignore', 'ignore_ament_install']
[0.103s] Level 1:colcon.colcon_core.package_identification:_identify(src) by extension 'ignore'
[0.103s] Level 1:colcon.colcon_core.package_identification:_identify(src) by extension 'ignore_ament_install'
[0.103s] Level 1:colcon.colcon_core.package_identification:_identify(src) by extensions ['colcon_pkg']
[0.103s] Level 1:colcon.colcon_core.package_identification:_identify(src) by extension 'colcon_pkg'
[0.103s] Level 1:colcon.colcon_core.package_identification:_identify(src) by extensions ['colcon_meta']
[0.103s] Level 1:colcon.colcon_core.package_identification:_identify(src) by extension 'colcon_meta'
[0.103s] Level 1:colcon.colcon_core.package_identification:_identify(src) by extensions ['ros']
[0.103s] Level 1:colcon.colcon_core.package_identification:_identify(src) by extension 'ros'
[0.103s] Level 1:colcon.colcon_core.package_identification:_identify(src) by extensions ['cmake', 'python']
[0.103s] Level 1:colcon.colcon_core.package_identification:_identify(src) by extension 'cmake'
[0.103s] Level 1:colcon.colcon_core.package_identification:_identify(src) by extension 'python'
[0.103s] Level 1:colcon.colcon_core.package_identification:_identify(src) by extensions ['python_setup_py']
[0.103s] Level 1:colcon.colcon_core.package_identification:_identify(src) by extension 'python_setup_py'
[0.103s] Level 1:colcon.colcon_core.package_identification:_identify(src/diff_drive) by extensions ['ignore', 'ignore_ament_install']
[0.103s] Level 1:colcon.colcon_core.package_identification:_identify(src/diff_drive) by extension 'ignore'
[0.104s] Level 1:colcon.colcon_core.package_identification:_identify(src/diff_drive) by extension 'ignore_ament_install'
[0.104s] Level 1:colcon.colcon_core.package_identification:_identify(src/diff_drive) by extensions ['colcon_pkg']
[0.104s] Level 1:colcon.colcon_core.package_identification:_identify(src/diff_drive) by extension 'colcon_pkg'
[0.104s] Level 1:colcon.colcon_core.package_identification:_identify(src/diff_drive) by extensions ['colcon_meta']
[0.104s] Level 1:colcon.colcon_core.package_identification:_identify(src/diff_drive) by extension 'colcon_meta'
[0.104s] Level 1:colcon.colcon_core.package_identification:_identify(src/diff_drive) by extensions ['ros']
[0.104s] Level 1:colcon.colcon_core.package_identification:_identify(src/diff_drive) by extension 'ros'
[0.105s] DEBUG:colcon.colcon_core.package_identification:Package 'src/diff_drive' with type 'ros.ament_cmake' and name 'diff_drive'
[0.105s] Level 1:colcon.colcon_core.package_discovery:discover_packages(recursive) using defaults
[0.105s] Level 1:colcon.colcon_core.package_discovery:discover_packages(ignore) discover
[0.105s] Level 1:colcon.colcon_core.package_discovery:discover_packages(ignore) using defaults
[0.105s] Level 1:colcon.colcon_core.package_discovery:discover_packages(path) discover
[0.105s] Level 1:colcon.colcon_core.package_discovery:discover_packages(path) using defaults
[0.116s] Level 1:colcon.colcon_core.package_discovery:discover_packages(prefix_path) check parameters
[0.116s] Level 1:colcon.colcon_core.package_discovery:discover_packages(prefix_path) discover
[0.118s] DEBUG:colcon.colcon_installed_package_information.package_discovery:Found 379 installed packages in /opt/ros/jazzy
[0.119s] Level 1:colcon.colcon_core.package_discovery:discover_packages(prefix_path) using defaults
[0.145s] Level 5:colcon.colcon_core.verb:set package 'diff_drive' build argument 'cmake_args' from command line to 'None'
[0.145s] Level 5:colcon.colcon_core.verb:set package 'diff_drive' build argument 'cmake_target' from command line to 'None'
[0.145s] Level 5:colcon.colcon_core.verb:set package 'diff_drive' build argument 'cmake_target_skip_unavailable' from command line to 'False'
[0.145s] Level 5:colcon.colcon_core.verb:set package 'diff_drive' build argument 'cmake_clean_cache' from command line to 'False'
[0.145s] Level 5:colcon.colcon_core.verb:set package 'diff_drive' build argument 'cmake_clean_first' from command line to 'False'
[0.145s] Level 5:colcon.colcon_core.verb:set package 'diff_drive' build argument 'cmake_force_configure' from command line to 'False'
[0.145s] Level 5:colcon.colcon_core.verb:set package 'diff_drive' build argument 'ament_cmake_args' from command line to 'None'
[0.145s] Level 5:colcon.colcon_core.verb:set package 'diff_drive' build argument 'catkin_cmake_args' from command line to 'None'
[0.145s] Level 5:colcon.colcon_core.verb:set package 'diff_drive' build argument 'catkin_skip_building_tests' from command line to 'False'
[0.145s] DEBUG:colcon.colcon_core.verb:Building package 'diff_drive' with the following arguments: {'ament_cmake_args': None, 'build_base': '/home/qeftser/vip/cppdiffdrive/cppdiffdrive/build/diff_drive', 'catkin_cmake_args': None, 'catkin_skip_building_tests': False, 'cmake_args': None, 'cmake_clean_cache': False, 'cmake_clean_first': False, 'cmake_force_configure': False, 'cmake_target': None, 'cmake_target_skip_unavailable': False, 'install_base': '/home/qeftser/vip/cppdiffdrive/cppdiffdrive/install/diff_drive', 'merge_install': False, 'path': '/home/qeftser/vip/cppdiffdrive/cppdiffdrive/src/diff_drive', 'symlink_install': False, 'test_result_base': None}
[0.145s] INFO:colcon.colcon_core.executor:Executing jobs using 'parallel' executor
[0.146s] DEBUG:colcon.colcon_parallel_executor.executor.parallel:run_until_complete
[0.146s] INFO:colcon.colcon_ros.task.ament_cmake.build:Building ROS package in '/home/qeftser/vip/cppdiffdrive/cppdiffdrive/src/diff_drive' with build type 'ament_cmake'
[0.146s] INFO:colcon.colcon_cmake.task.cmake.build:Building CMake package in '/home/qeftser/vip/cppdiffdrive/cppdiffdrive/src/diff_drive'
[0.147s] INFO:colcon.colcon_core.plugin_system:Skipping extension 'colcon_core.shell.bat': Not used on non-Windows systems
[0.147s] INFO:colcon.colcon_core.shell:Skip shell extension 'powershell' for command environment: Not usable outside of PowerShell
[0.147s] DEBUG:colcon.colcon_core.shell:Skip shell extension 'dsv' for command environment
[0.157s] DEBUG:colcon.colcon_core.event_handler.log_command:Invoking command in '/home/qeftser/vip/cppdiffdrive/cppdiffdrive/build/diff_drive': CMAKE_PREFIX_PATH=${CMAKE_PREFIX_PATH}:/opt/ros/jazzy DEBUGINFOD_URLS=https://debuginfod.ubuntu.com /usr/bin/cmake /home/qeftser/vip/cppdiffdrive/cppdiffdrive/src/diff_drive -DCMAKE_INSTALL_PREFIX=/home/qeftser/vip/cppdiffdrive/cppdiffdrive/install/diff_drive
[1.023s] DEBUG:colcon.colcon_core.event_handler.log_command:Invoked command in '/home/qeftser/vip/cppdiffdrive/cppdiffdrive/build/diff_drive' returned '0': CMAKE_PREFIX_PATH=${CMAKE_PREFIX_PATH}:/opt/ros/jazzy DEBUGINFOD_URLS=https://debuginfod.ubuntu.com /usr/bin/cmake /home/qeftser/vip/cppdiffdrive/cppdiffdrive/src/diff_drive -DCMAKE_INSTALL_PREFIX=/home/qeftser/vip/cppdiffdrive/cppdiffdrive/install/diff_drive
[1.024s] DEBUG:colcon.colcon_core.event_handler.log_command:Invoking command in '/home/qeftser/vip/cppdiffdrive/cppdiffdrive/build/diff_drive': CMAKE_PREFIX_PATH=${CMAKE_PREFIX_PATH}:/opt/ros/jazzy DEBUGINFOD_URLS=https://debuginfod.ubuntu.com /usr/bin/cmake --build /home/qeftser/vip/cppdiffdrive/cppdiffdrive/build/diff_drive -- -j8 -l8
[8.867s] DEBUG:colcon.colcon_core.event_handler.log_command:Invoked command in '/home/qeftser/vip/cppdiffdrive/cppdiffdrive/build/diff_drive' returned '2': CMAKE_PREFIX_PATH=${CMAKE_PREFIX_PATH}:/opt/ros/jazzy DEBUGINFOD_URLS=https://debuginfod.ubuntu.com /usr/bin/cmake --build /home/qeftser/vip/cppdiffdrive/cppdiffdrive/build/diff_drive -- -j8 -l8
[8.867s] Level 1:colcon.colcon_core.environment:create_environment_scripts_only(diff_drive)
[8.873s] Level 1:colcon.colcon_core.environment:checking '/home/qeftser/vip/cppdiffdrive/cppdiffdrive/install/diff_drive' for CMake module files
[8.874s] Level 1:colcon.colcon_core.environment:checking '/home/qeftser/vip/cppdiffdrive/cppdiffdrive/install/diff_drive' for CMake config files
[8.874s] Level 1:colcon.colcon_core.environment:checking '/home/qeftser/vip/cppdiffdrive/cppdiffdrive/install/diff_drive/bin'
[8.874s] Level 1:colcon.colcon_core.environment:checking '/home/qeftser/vip/cppdiffdrive/cppdiffdrive/install/diff_drive/lib/pkgconfig/diff_drive.pc'
[8.875s] Level 1:colcon.colcon_core.environment:checking '/home/qeftser/vip/cppdiffdrive/cppdiffdrive/install/diff_drive/lib/python3.12/site-packages'
[8.875s] Level 1:colcon.colcon_core.environment:checking '/home/qeftser/vip/cppdiffdrive/cppdiffdrive/install/diff_drive/bin'
[8.876s] INFO:colcon.colcon_core.shell:Creating package script '/home/qeftser/vip/cppdiffdrive/cppdiffdrive/install/diff_drive/share/diff_drive/package.ps1'
[8.877s] INFO:colcon.colcon_core.shell:Creating package descriptor '/home/qeftser/vip/cppdiffdrive/cppdiffdrive/install/diff_drive/share/diff_drive/package.dsv'
[8.878s] INFO:colcon.colcon_core.shell:Creating package script '/home/qeftser/vip/cppdiffdrive/cppdiffdrive/install/diff_drive/share/diff_drive/package.sh'
[8.879s] INFO:colcon.colcon_core.shell:Creating package script '/home/qeftser/vip/cppdiffdrive/cppdiffdrive/install/diff_drive/share/diff_drive/package.bash'
[8.880s] INFO:colcon.colcon_core.shell:Creating package script '/home/qeftser/vip/cppdiffdrive/cppdiffdrive/install/diff_drive/share/diff_drive/package.zsh'
[8.882s] Level 1:colcon.colcon_core.environment:create_file_with_runtime_dependencies(/home/qeftser/vip/cppdiffdrive/cppdiffdrive/install/diff_drive/share/colcon-core/packages/diff_drive)
[8.883s] DEBUG:colcon.colcon_parallel_executor.executor.parallel:closing loop
[8.884s] DEBUG:colcon.colcon_parallel_executor.executor.parallel:loop closed
[8.884s] DEBUG:colcon.colcon_parallel_executor.executor.parallel:run_until_complete finished with '2'
[8.884s] DEBUG:colcon.colcon_core.event_reactor:joining thread
[8.906s] INFO:colcon.colcon_core.plugin_system:Skipping extension 'colcon_notification.desktop_notification.terminal_notifier': Not used on non-Darwin systems
[8.906s] INFO:colcon.colcon_core.plugin_system:Skipping extension 'colcon_notification.desktop_notification.win32': Not used on non-Windows systems
[8.906s] INFO:colcon.colcon_notification.desktop_notification:Sending desktop notification using 'notify2'
[8.920s] DEBUG:colcon.colcon_core.event_reactor:joined thread
[8.921s] INFO:colcon.colcon_core.shell:Creating prefix script '/home/qeftser/vip/cppdiffdrive/cppdiffdrive/install/local_setup.ps1'
[8.924s] INFO:colcon.colcon_core.shell:Creating prefix util module '/home/qeftser/vip/cppdiffdrive/cppdiffdrive/install/_local_setup_util_ps1.py'
[8.928s] INFO:colcon.colcon_core.shell:Creating prefix chain script '/home/qeftser/vip/cppdiffdrive/cppdiffdrive/install/setup.ps1'
[8.930s] INFO:colcon.colcon_core.shell:Creating prefix script '/home/qeftser/vip/cppdiffdrive/cppdiffdrive/install/local_setup.sh'
[8.931s] INFO:colcon.colcon_core.shell:Creating prefix util module '/home/qeftser/vip/cppdiffdrive/cppdiffdrive/install/_local_setup_util_sh.py'
[8.932s] INFO:colcon.colcon_core.shell:Creating prefix chain script '/home/qeftser/vip/cppdiffdrive/cppdiffdrive/install/setup.sh'
[8.935s] INFO:colcon.colcon_core.shell:Creating prefix script '/home/qeftser/vip/cppdiffdrive/cppdiffdrive/install/local_setup.bash'
[8.936s] INFO:colcon.colcon_core.shell:Creating prefix chain script '/home/qeftser/vip/cppdiffdrive/cppdiffdrive/install/setup.bash'
[8.937s] INFO:colcon.colcon_core.shell:Creating prefix script '/home/qeftser/vip/cppdiffdrive/cppdiffdrive/install/local_setup.zsh'
[8.938s] INFO:colcon.colcon_core.shell:Creating prefix chain script '/home/qeftser/vip/cppdiffdrive/cppdiffdrive/install/setup.zsh'
