[0.011s] Invoking command in '/home/vboxuser/cppdiffdrive/build/diff_drive': CMAKE_PREFIX_PATH=${CMAKE_PREFIX_PATH}:/opt/ros/jazzy DEBUGINFOD_URLS=https://debuginfod.ubuntu.com /usr/bin/cmake /home/vboxuser/cppdiffdrive/src/diff_drive -DCMAKE_INSTALL_PREFIX=/home/vboxuser/cppdiffdrive/install/diff_drive
[0.030s] -- Found ament_cmake: 2.5.5 (/opt/ros/jazzy/share/ament_cmake/cmake)
[0.176s] -- Found rclcpp: 28.1.16 (/opt/ros/jazzy/share/rclcpp/cmake)
[0.191s] -- Found rosidl_generator_c: 4.6.7 (/opt/ros/jazzy/share/rosidl_generator_c/cmake)
[0.198s] -- Found rosidl_generator_cpp: 4.6.7 (/opt/ros/jazzy/share/rosidl_generator_cpp/cmake)
[0.206s] -- Using all available rosidl_typesupport_c: rosidl_typesupport_fastrtps_c;rosidl_typesupport_introspection_c
[0.222s] -- Using all available rosidl_typesupport_cpp: rosidl_typesupport_fastrtps_cpp;rosidl_typesupport_introspection_cpp
[0.255s] -- Found rmw_implementation_cmake: 7.3.3 (/opt/ros/jazzy/share/rmw_implementation_cmake/cmake)
[0.257s] -- Found rmw_fastrtps_cpp: 8.4.3 (/opt/ros/jazzy/share/rmw_fastrtps_cpp/cmake)
[0.301s] -- Using RMW implementation 'rmw_fastrtps_cpp' as default
[0.344s] -- Found geometry_msgs: 5.3.6 (/opt/ros/jazzy/share/geometry_msgs/cmake)
[0.427s] -- Configuring done (0.4s)
[0.429s] [31mCMake Error at CMakeLists.txt:14 (add_executable):
[0.429s]   Cannot find source file:
[0.429s] 
[0.429s]     src/diff_drive_node.cpp
[0.429s] 
[0.429s]   Tried extensions .c .C .c++ .cc .cpp .cxx .cu .mpp .m .M .mm .ixx .cppm
[0.429s]   .ccm .cxxm .c++m .h .hh .h++ .hm .hpp .hxx .in .txx .f .F .for .f77 .f90
[0.429s]   .f95 .f03 .hip .ispc
[0.429s] 
[0.429s] [0m
[0.430s] [31mCMake Error at CMakeLists.txt:18 (add_executable):
[0.430s]   Cannot find source file:
[0.430s] 
[0.430s]     src/cmd_vel_publisher.cpp
[0.430s] 
[0.430s]   Tried extensions .c .C .c++ .cc .cpp .cxx .cu .mpp .m .M .mm .ixx .cppm
[0.430s]   .ccm .cxxm .c++m .h .hh .h++ .hm .hpp .hxx .in .txx .f .F .for .f77 .f90
[0.430s]   .f95 .f03 .hip .ispc
[0.430s] 
[0.430s] [0m
[0.430s] [31mCMake Error at CMakeLists.txt:14 (add_executable):
[0.430s]   No SOURCES given to target: diff_drive_node
[0.431s] 
[0.431s] [0m
[0.431s] [31mCMake Error at CMakeLists.txt:18 (add_executable):
[0.431s]   No SOURCES given to target: cmd_vel_publisher
[0.431s] 
[0.431s] [0m
[0.431s] [0mCMake Generate step failed.  Build files cannot be regenerated correctly.[0m
[0.436s] Invoked command in '/home/vboxuser/cppdiffdrive/build/diff_drive' returned '1': CMAKE_PREFIX_PATH=${CMAKE_PREFIX_PATH}:/opt/ros/jazzy DEBUGINFOD_URLS=https://debuginfod.ubuntu.com /usr/bin/cmake /home/vboxuser/cppdiffdrive/src/diff_drive -DCMAKE_INSTALL_PREFIX=/home/vboxuser/cppdiffdrive/install/diff_drive
