[0.012s] Invoking command in '/home/qeftser/vip/cppdiffdrive/cppdiffdrive/build/diff_drive': CMAKE_PREFIX_PATH=${CMAKE_PREFIX_PATH}:/opt/ros/jazzy DEBUGINFOD_URLS=https://debuginfod.ubuntu.com /usr/bin/cmake /home/qeftser/vip/cppdiffdrive/cppdiffdrive/src/diff_drive -DCMAKE_INSTALL_PREFIX=/home/qeftser/vip/cppdiffdrive/cppdiffdrive/install/diff_drive
[0.244s] -- The C compiler identification is GNU 13.3.0
[0.401s] -- The CXX compiler identification is GNU 13.3.0
[0.436s] -- Detecting C compiler ABI info
[0.604s] -- Detecting C compiler ABI info - done
[0.622s] -- Check for working C compiler: /usr/bin/cc - skipped
[0.623s] -- Detecting C compile features
[0.624s] -- Detecting C compile features - done
[0.640s] -- Detecting CXX compiler ABI info
[0.788s] -- Detecting CXX compiler ABI info - done
[0.802s] -- Check for working CXX compiler: /usr/bin/c++ - skipped
[0.802s] -- Detecting CXX compile features
[0.803s] -- Detecting CXX compile features - done
[0.819s] -- Found ament_cmake: 2.5.5 (/opt/ros/jazzy/share/ament_cmake/cmake)
[1.003s] -- Found Python3: /usr/bin/python3 (found version "3.12.3") found components: Interpreter 
[1.145s] -- Found rclcpp: 28.1.16 (/opt/ros/jazzy/share/rclcpp/cmake)
[1.227s] -- Found rosidl_generator_c: 4.6.7 (/opt/ros/jazzy/share/rosidl_generator_c/cmake)
[1.254s] -- Found rosidl_generator_cpp: 4.6.7 (/opt/ros/jazzy/share/rosidl_generator_cpp/cmake)
[1.286s] -- Using all available rosidl_typesupport_c: rosidl_typesupport_fastrtps_c;rosidl_typesupport_introspection_c
[1.313s] -- Using all available rosidl_typesupport_cpp: rosidl_typesupport_fastrtps_cpp;rosidl_typesupport_introspection_cpp
[1.383s] -- Found rmw_implementation_cmake: 7.3.3 (/opt/ros/jazzy/share/rmw_implementation_cmake/cmake)
[1.386s] -- Found rmw_fastrtps_cpp: 8.4.3 (/opt/ros/jazzy/share/rmw_fastrtps_cpp/cmake)
[1.509s] -- Found OpenSSL: /usr/lib/x86_64-linux-gnu/libcrypto.so (found version "3.0.13")  
[1.550s] -- Found FastRTPS: /opt/ros/jazzy/include (Required is at least version "2.13") 
[1.587s] -- Using RMW implementation 'rmw_fastrtps_cpp' as default
[1.702s] -- Found geometry_msgs: 5.3.6 (/opt/ros/jazzy/share/geometry_msgs/cmake)
[1.732s] -- Configuring incomplete, errors occurred!
[1.732s] [31mCMake Error at CMakeLists.txt:23 (target_link_directories):
[1.732s]   Cannot specify link directories for target "go_m8010_6_driver" which is not
[1.732s]   built by this project.
[1.732s] 
[1.732s] [0m
[1.732s] [31mCMake Error at CMakeLists.txt:24 (target_link_libraries):
[1.732s]   Cannot specify link libraries for target "go_m8010_6_driver" which is not
[1.732s]   built by this project.
[1.732s] 
[1.732s] [0m
[1.739s] Invoked command in '/home/qeftser/vip/cppdiffdrive/cppdiffdrive/build/diff_drive' returned '1': CMAKE_PREFIX_PATH=${CMAKE_PREFIX_PATH}:/opt/ros/jazzy DEBUGINFOD_URLS=https://debuginfod.ubuntu.com /usr/bin/cmake /home/qeftser/vip/cppdiffdrive/cppdiffdrive/src/diff_drive -DCMAKE_INSTALL_PREFIX=/home/qeftser/vip/cppdiffdrive/cppdiffdrive/install/diff_drive
