[0.015s] Invoking command in '/home/qeftser/vip/cppdiffdrive/cppdiffdrive/build/diff_drive': CMAKE_PREFIX_PATH=${CMAKE_PREFIX_PATH}:/opt/ros/jazzy DEBUGINFOD_URLS=https://debuginfod.ubuntu.com /usr/bin/cmake --build /home/qeftser/vip/cppdiffdrive/cppdiffdrive/build/diff_drive -- -j8 -l8
[0.111s] [ 16%] Built target cmd_vel_publisher
[0.111s] [ 33%] Built target gtest_main
[0.121s] [ 50%] Built target gtest
[0.126s] [ 66%] Built target diff_drive_node
[0.129s] [ 75%] [32mBuilding CXX object CMakeFiles/motor_interface_node.dir/src/motor_interface_node.cpp.o[0m
[0.161s] [ 91%] Built target test_motor_interface
[1.549s] In file included from [01m[K/opt/ros/jazzy/include/rclcpp/rclcpp/logging.hpp:24[m[K,
[1.549s]                  from [01m[K/opt/ros/jazzy/include/rclcpp/rclcpp/copy_all_parameter_values.hpp:27[m[K,
[1.549s]                  from [01m[K/opt/ros/jazzy/include/rclcpp/rclcpp/rclcpp.hpp:171[m[K,
[1.549s]                  from [01m[K/home/qeftser/vip/cppdiffdrive/cppdiffdrive/src/diff_drive/src/motor_interface_node.cpp:1[m[K:
[1.549s] [01m[K/home/qeftser/vip/cppdiffdrive/cppdiffdrive/src/diff_drive/src/motor_interface_node.cpp:[m[K In member function ‘[01m[Kvoid MotorInterfaceNode::[01;32m[Ksend_speed_cmd[m[K(int, double, int)[m[K’:
[1.549s] [01m[K/home/qeftser/vip/cppdiffdrive/cppdiffdrive/src/diff_drive/src/motor_interface_node.cpp:93:21:[m[K [01;31m[Kerror: [m[K‘[01m[Kstruct MotorCmd[m[K’ has no member named ‘[01m[KW[m[K’
[1.549s]    93 |       motor_id, cmd.[01;31m[KW[m[K,
[1.549s]       |                     [01;31m[K^[m[K
[1.549s] [01m[K/home/qeftser/vip/cppdiffdrive/cppdiffdrive/src/diff_drive/src/motor_interface_node.cpp:94:15:[m[K [01;31m[Kerror: [m[K‘[01m[Kstruct MotorData[m[K’ has no member named ‘[01m[KPos[m[K’
[1.550s]    94 |       hw_data.[01;31m[KPos[m[K, hw_data.W, hw_data.T, hw_data.Temp, hw_data.MError);
[1.550s]       |               [01;31m[K^~~[m[K
[1.550s] [01m[K/home/qeftser/vip/cppdiffdrive/cppdiffdrive/src/diff_drive/src/motor_interface_node.cpp:94:28:[m[K [01;31m[Kerror: [m[K‘[01m[Kstruct MotorData[m[K’ has no member named ‘[01m[KW[m[K’
[1.550s]    94 |       hw_data.Pos, hw_data.[01;31m[KW[m[K, hw_data.T, hw_data.Temp, hw_data.MError);
[1.550s]       |                            [01;31m[K^[m[K
[1.550s] [01m[K/home/qeftser/vip/cppdiffdrive/cppdiffdrive/src/diff_drive/src/motor_interface_node.cpp:94:39:[m[K [01;31m[Kerror: [m[K‘[01m[Kstruct MotorData[m[K’ has no member named ‘[01m[KT[m[K’
[1.550s]    94 |       hw_data.Pos, hw_data.W, hw_data.[01;31m[KT[m[K, hw_data.Temp, hw_data.MError);
[1.550s]       |                                       [01;31m[K^[m[K
[1.550s] [01m[K/home/qeftser/vip/cppdiffdrive/cppdiffdrive/src/diff_drive/src/motor_interface_node.cpp:94:50:[m[K [01;31m[Kerror: [m[K‘[01m[Kstruct MotorData[m[K’ has no member named ‘[01m[KTemp[m[K’; did you mean ‘[01m[Ktemp[m[K’?
[1.550s]    94 |       hw_data.Pos, hw_data.W, hw_data.T, hw_data.[01;31m[KTemp[m[K, hw_data.MError);
[1.550s]       |                                                  [01;31m[K^~~~[m[K
[1.550s] [01m[K/home/qeftser/vip/cppdiffdrive/cppdiffdrive/src/diff_drive/src/motor_interface_node.cpp:94:64:[m[K [01;31m[Kerror: [m[K‘[01m[Kstruct MotorData[m[K’ has no member named ‘[01m[KMError[m[K’; did you mean ‘[01m[Kmerror[m[K’?
[1.550s]    94 |       hw_data.Pos, hw_data.W, hw_data.T, hw_data.Temp, hw_data.[01;31m[KMError[m[K);
[1.550s]       |                                                                [01;31m[K^~~~~~[m[K
[1.551s] [01m[K/home/qeftser/vip/cppdiffdrive/cppdiffdrive/src/diff_drive/src/motor_interface_node.cpp:96:17:[m[K [01;31m[Kerror: [m[K‘[01m[Kstruct MotorData[m[K’ has no member named ‘[01m[KMError[m[K’; did you mean ‘[01m[Kmerror[m[K’?
[1.551s]    96 |     if (hw_data.[01;31m[KMError[m[K != 0) {
[1.551s]       |                 [01;31m[K^~~~~~[m[K
[1.551s]       |                 [32m[Kmerror[m[K
[1.551s] [01m[K/home/qeftser/vip/cppdiffdrive/cppdiffdrive/src/diff_drive/src/motor_interface_node.cpp:99:27:[m[K [01;31m[Kerror: [m[K‘[01m[Kstruct MotorData[m[K’ has no member named ‘[01m[KMError[m[K’; did you mean ‘[01m[Kmerror[m[K’?
[1.551s]    99 |         motor_id, hw_data.[01;31m[KMError[m[K);
[1.551s]       |                           [01;31m[K^~~~~~[m[K
[2.893s] gmake[2]: *** [CMakeFiles/motor_interface_node.dir/build.make:76: CMakeFiles/motor_interface_node.dir/src/motor_interface_node.cpp.o] Error 1
[2.894s] gmake[1]: *** [CMakeFiles/Makefile2:213: CMakeFiles/motor_interface_node.dir/all] Error 2
[2.894s] gmake: *** [Makefile:146: all] Error 2
[2.897s] Invoked command in '/home/qeftser/vip/cppdiffdrive/cppdiffdrive/build/diff_drive' returned '2': CMAKE_PREFIX_PATH=${CMAKE_PREFIX_PATH}:/opt/ros/jazzy DEBUGINFOD_URLS=https://debuginfod.ubuntu.com /usr/bin/cmake --build /home/qeftser/vip/cppdiffdrive/cppdiffdrive/build/diff_drive -- -j8 -l8
