-- Found ament_cmake: 2.5.5 (/opt/ros/jazzy/share/ament_cmake/cmake)
-- Found rclcpp: 28.1.16 (/opt/ros/jazzy/share/rclcpp/cmake)
-- Found rosidl_generator_c: 4.6.7 (/opt/ros/jazzy/share/rosidl_generator_c/cmake)
-- Found rosidl_generator_cpp: 4.6.7 (/opt/ros/jazzy/share/rosidl_generator_cpp/cmake)
-- Using all available rosidl_typesupport_c: rosidl_typesupport_fastrtps_c;rosidl_typesupport_introspection_c
-- Using all available rosidl_typesupport_cpp: rosidl_typesupport_fastrtps_cpp;rosidl_typesupport_introspection_cpp
-- Found rmw_implementation_cmake: 7.3.3 (/opt/ros/jazzy/share/rmw_implementation_cmake/cmake)
-- Found rmw_fastrtps_cpp: 8.4.3 (/opt/ros/jazzy/share/rmw_fastrtps_cpp/cmake)
-- Using RMW implementation 'rmw_fastrtps_cpp' as default
-- Found geometry_msgs: 5.3.6 (/opt/ros/jazzy/share/geometry_msgs/cmake)
-- Configuring done (0.5s)
-- Generating done (0.0s)
-- Build files have been written to: /home/vboxuser/cppdiffdrive/build/diff_drive
[ 25%] [32mBuilding CXX object CMakeFiles/diff_drive_node.dir/src/diff_drive_node.cpp.o[0m
[ 50%] [32mBuilding CXX object CMakeFiles/cmd_vel_publisher.dir/src/cmd_vel_publisher.cpp.o[0m
[ 75%] [32m[1mLinking CXX executable cmd_vel_publisher[0m
[ 75%] Built target cmd_vel_publisher
[100%] [32m[1mLinking CXX executable diff_drive_node[0m
[100%] Built target diff_drive_node
-- Install configuration: ""
-- Installing: /home/vboxuser/cppdiffdrive/install/diff_drive/lib/diff_drive/diff_drive_node
-- Set non-toolchain portion of runtime path of "/home/vboxuser/cppdiffdrive/install/diff_drive/lib/diff_drive/diff_drive_node" to ""
-- Installing: /home/vboxuser/cppdiffdrive/install/diff_drive/lib/diff_drive/cmd_vel_publisher
-- Set non-toolchain portion of runtime path of "/home/vboxuser/cppdiffdrive/install/diff_drive/lib/diff_drive/cmd_vel_publisher" to ""
-- Installing: /home/vboxuser/cppdiffdrive/install/diff_drive/share/ament_index/resource_index/package_run_dependencies/diff_drive
-- Installing: /home/vboxuser/cppdiffdrive/install/diff_drive/share/ament_index/resource_index/parent_prefix_path/diff_drive
-- Installing: /home/vboxuser/cppdiffdrive/install/diff_drive/share/diff_drive/environment/ament_prefix_path.sh
-- Installing: /home/vboxuser/cppdiffdrive/install/diff_drive/share/diff_drive/environment/ament_prefix_path.dsv
-- Installing: /home/vboxuser/cppdiffdrive/install/diff_drive/share/diff_drive/environment/path.sh
-- Installing: /home/vboxuser/cppdiffdrive/install/diff_drive/share/diff_drive/environment/path.dsv
-- Installing: /home/vboxuser/cppdiffdrive/install/diff_drive/share/diff_drive/local_setup.bash
-- Installing: /home/vboxuser/cppdiffdrive/install/diff_drive/share/diff_drive/local_setup.sh
-- Installing: /home/vboxuser/cppdiffdrive/install/diff_drive/share/diff_drive/local_setup.zsh
-- Installing: /home/vboxuser/cppdiffdrive/install/diff_drive/share/diff_drive/local_setup.dsv
-- Installing: /home/vboxuser/cppdiffdrive/install/diff_drive/share/diff_drive/package.dsv
-- Installing: /home/vboxuser/cppdiffdrive/install/diff_drive/share/ament_index/resource_index/packages/diff_drive
-- Installing: /home/vboxuser/cppdiffdrive/install/diff_drive/share/diff_drive/cmake/diff_driveConfig.cmake
-- Installing: /home/vboxuser/cppdiffdrive/install/diff_drive/share/diff_drive/cmake/diff_driveConfig-version.cmake
-- Installing: /home/vboxuser/cppdiffdrive/install/diff_drive/share/diff_drive/package.xml
