[0.011s] Invoking command in '/home/qeftser/vip/cppdiffdrive/cppdiffdrive/build/diff_drive': CMAKE_PREFIX_PATH=${CMAKE_PREFIX_PATH}:/opt/ros/jazzy DEBUGINFOD_URLS=https://debuginfod.ubuntu.com /usr/bin/cmake --build /home/qeftser/vip/cppdiffdrive/cppdiffdrive/build/diff_drive -- -j8 -l8
[0.020s] /usr/bin/cmake -S/home/qeftser/vip/cppdiffdrive/cppdiffdrive/src/diff_drive -B/home/qeftser/vip/cppdiffdrive/cppdiffdrive/build/diff_drive --check-build-system CMakeFiles/Makefile.cmake 0
[0.032s] -- Found ament_cmake: 2.5.5 (/opt/ros/jazzy/share/ament_cmake/cmake)
[0.277s] -- Found rclcpp: 28.1.16 (/opt/ros/jazzy/share/rclcpp/cmake)
[0.295s] -- Found rosidl_generator_c: 4.6.7 (/opt/ros/jazzy/share/rosidl_generator_c/cmake)
[0.300s] -- Found rosidl_generator_cpp: 4.6.7 (/opt/ros/jazzy/share/rosidl_generator_cpp/cmake)
[0.311s] -- Using all available rosidl_typesupport_c: rosidl_typesupport_fastrtps_c;rosidl_typesupport_introspection_c
[0.319s] -- Using all available rosidl_typesupport_cpp: rosidl_typesupport_fastrtps_cpp;rosidl_typesupport_introspection_cpp
[0.358s] -- Found rmw_implementation_cmake: 7.3.3 (/opt/ros/jazzy/share/rmw_implementation_cmake/cmake)
[0.358s] -- Found rmw_fastrtps_cpp: 8.4.3 (/opt/ros/jazzy/share/rmw_fastrtps_cpp/cmake)
[0.417s] -- Using RMW implementation 'rmw_fastrtps_cpp' as default
[0.489s] -- Found geometry_msgs: 5.3.6 (/opt/ros/jazzy/share/geometry_msgs/cmake)
[0.513s] -- Found ament_cmake_gtest: 2.5.5 (/opt/ros/jazzy/share/ament_cmake_gtest/cmake)
[0.513s] -- Found gtest sources under '/opt/ros/jazzy/src/gtest_vendor': C++ tests using 'Google Test' will be built
[0.573s] -- Configuring done (0.5s)
[0.587s] -- Generating done (0.0s)
[0.595s] -- Build files have been written to: /home/qeftser/vip/cppdiffdrive/cppdiffdrive/build/diff_drive
[0.604s] /usr/bin/cmake -E cmake_progress_start /home/qeftser/vip/cppdiffdrive/cppdiffdrive/build/diff_drive/CMakeFiles /home/qeftser/vip/cppdiffdrive/cppdiffdrive/build/diff_drive//CMakeFiles/progress.marks
[0.620s] /usr/bin/gmake  -f CMakeFiles/Makefile2 all
[0.622s] gmake[1]: Entering directory '/home/qeftser/vip/cppdiffdrive/cppdiffdrive/build/diff_drive'
[0.622s] /usr/bin/gmake  -f CMakeFiles/diff_drive_node.dir/build.make CMakeFiles/diff_drive_node.dir/depend
[0.623s] /usr/bin/gmake  -f CMakeFiles/cmd_vel_publisher.dir/build.make CMakeFiles/cmd_vel_publisher.dir/depend
[0.623s] /usr/bin/gmake  -f CMakeFiles/motor_interface_node.dir/build.make CMakeFiles/motor_interface_node.dir/depend
[0.623s] /usr/bin/gmake  -f gtest/CMakeFiles/gtest_main.dir/build.make gtest/CMakeFiles/gtest_main.dir/depend
[0.623s] /usr/bin/gmake  -f gtest/CMakeFiles/gtest.dir/build.make gtest/CMakeFiles/gtest.dir/depend
[0.624s] gmake[2]: Entering directory '/home/qeftser/vip/cppdiffdrive/cppdiffdrive/build/diff_drive'
[0.624s] cd /home/qeftser/vip/cppdiffdrive/cppdiffdrive/build/diff_drive && /usr/bin/cmake -E cmake_depends "Unix Makefiles" /home/qeftser/vip/cppdiffdrive/cppdiffdrive/src/diff_drive /home/qeftser/vip/cppdiffdrive/cppdiffdrive/src/diff_drive /home/qeftser/vip/cppdiffdrive/cppdiffdrive/build/diff_drive /home/qeftser/vip/cppdiffdrive/cppdiffdrive/build/diff_drive /home/qeftser/vip/cppdiffdrive/cppdiffdrive/build/diff_drive/CMakeFiles/diff_drive_node.dir/DependInfo.cmake "--color="
[0.624s] gmake[2]: Entering directory '/home/qeftser/vip/cppdiffdrive/cppdiffdrive/build/diff_drive'
[0.625s] cd /home/qeftser/vip/cppdiffdrive/cppdiffdrive/build/diff_drive && /usr/bin/cmake -E cmake_depends "Unix Makefiles" /home/qeftser/vip/cppdiffdrive/cppdiffdrive/src/diff_drive /home/qeftser/vip/cppdiffdrive/cppdiffdrive/src/diff_drive /home/qeftser/vip/cppdiffdrive/cppdiffdrive/build/diff_drive /home/qeftser/vip/cppdiffdrive/cppdiffdrive/build/diff_drive /home/qeftser/vip/cppdiffdrive/cppdiffdrive/build/diff_drive/CMakeFiles/cmd_vel_publisher.dir/DependInfo.cmake "--color="
[0.625s] gmake[2]: Entering directory '/home/qeftser/vip/cppdiffdrive/cppdiffdrive/build/diff_drive'
[0.625s] gmake[2]: Entering directory '/home/qeftser/vip/cppdiffdrive/cppdiffdrive/build/diff_drive'
[0.625s] cd /home/qeftser/vip/cppdiffdrive/cppdiffdrive/build/diff_drive && /usr/bin/cmake -E cmake_depends "Unix Makefiles" /home/qeftser/vip/cppdiffdrive/cppdiffdrive/src/diff_drive /home/qeftser/vip/cppdiffdrive/cppdiffdrive/src/diff_drive /home/qeftser/vip/cppdiffdrive/cppdiffdrive/build/diff_drive /home/qeftser/vip/cppdiffdrive/cppdiffdrive/build/diff_drive /home/qeftser/vip/cppdiffdrive/cppdiffdrive/build/diff_drive/CMakeFiles/motor_interface_node.dir/DependInfo.cmake "--color="
[0.625s] cd /home/qeftser/vip/cppdiffdrive/cppdiffdrive/build/diff_drive && /usr/bin/cmake -E cmake_depends "Unix Makefiles" /home/qeftser/vip/cppdiffdrive/cppdiffdrive/src/diff_drive /opt/ros/jazzy/src/gtest_vendor /home/qeftser/vip/cppdiffdrive/cppdiffdrive/build/diff_drive /home/qeftser/vip/cppdiffdrive/cppdiffdrive/build/diff_drive/gtest /home/qeftser/vip/cppdiffdrive/cppdiffdrive/build/diff_drive/gtest/CMakeFiles/gtest_main.dir/DependInfo.cmake "--color="
[0.626s] gmake[2]: Entering directory '/home/qeftser/vip/cppdiffdrive/cppdiffdrive/build/diff_drive'
[0.626s] cd /home/qeftser/vip/cppdiffdrive/cppdiffdrive/build/diff_drive && /usr/bin/cmake -E cmake_depends "Unix Makefiles" /home/qeftser/vip/cppdiffdrive/cppdiffdrive/src/diff_drive /opt/ros/jazzy/src/gtest_vendor /home/qeftser/vip/cppdiffdrive/cppdiffdrive/build/diff_drive /home/qeftser/vip/cppdiffdrive/cppdiffdrive/build/diff_drive/gtest /home/qeftser/vip/cppdiffdrive/cppdiffdrive/build/diff_drive/gtest/CMakeFiles/gtest.dir/DependInfo.cmake "--color="
[0.649s] gmake[2]: Leaving directory '/home/qeftser/vip/cppdiffdrive/cppdiffdrive/build/diff_drive'
[0.649s] /usr/bin/gmake  -f gtest/CMakeFiles/gtest.dir/build.make gtest/CMakeFiles/gtest.dir/build
[0.651s] gmake[2]: Leaving directory '/home/qeftser/vip/cppdiffdrive/cppdiffdrive/build/diff_drive'
[0.651s] gmake[2]: Leaving directory '/home/qeftser/vip/cppdiffdrive/cppdiffdrive/build/diff_drive'
[0.651s] /usr/bin/gmake  -f CMakeFiles/diff_drive_node.dir/build.make CMakeFiles/diff_drive_node.dir/build
[0.652s] /usr/bin/gmake  -f gtest/CMakeFiles/gtest_main.dir/build.make gtest/CMakeFiles/gtest_main.dir/build
[0.654s] gmake[2]: Entering directory '/home/qeftser/vip/cppdiffdrive/cppdiffdrive/build/diff_drive'
[0.654s] gmake[2]: Nothing to be done for 'gtest/CMakeFiles/gtest.dir/build'.
[0.655s] gmake[2]: Leaving directory '/home/qeftser/vip/cppdiffdrive/cppdiffdrive/build/diff_drive'
[0.656s] gmake[2]: Leaving directory '/home/qeftser/vip/cppdiffdrive/cppdiffdrive/build/diff_drive'
[0.656s] gmake[2]: Leaving directory '/home/qeftser/vip/cppdiffdrive/cppdiffdrive/build/diff_drive'
[0.656s] /usr/bin/gmake  -f CMakeFiles/cmd_vel_publisher.dir/build.make CMakeFiles/cmd_vel_publisher.dir/build
[0.657s] /usr/bin/gmake  -f CMakeFiles/motor_interface_node.dir/build.make CMakeFiles/motor_interface_node.dir/build
[0.657s] gmake[2]: Entering directory '/home/qeftser/vip/cppdiffdrive/cppdiffdrive/build/diff_drive'
[0.657s] gmake[2]: Nothing to be done for 'gtest/CMakeFiles/gtest_main.dir/build'.
[0.657s] gmake[2]: Leaving directory '/home/qeftser/vip/cppdiffdrive/cppdiffdrive/build/diff_drive'
[0.663s] gmake[2]: Entering directory '/home/qeftser/vip/cppdiffdrive/cppdiffdrive/build/diff_drive'
[0.663s] gmake[2]: Nothing to be done for 'CMakeFiles/diff_drive_node.dir/build'.
[0.663s] gmake[2]: Leaving directory '/home/qeftser/vip/cppdiffdrive/cppdiffdrive/build/diff_drive'
[0.666s] gmake[2]: Entering directory '/home/qeftser/vip/cppdiffdrive/cppdiffdrive/build/diff_drive'
[0.667s] gmake[2]: Nothing to be done for 'CMakeFiles/cmd_vel_publisher.dir/build'.
[0.667s] gmake[2]: Leaving directory '/home/qeftser/vip/cppdiffdrive/cppdiffdrive/build/diff_drive'
[0.668s] gmake[2]: Entering directory '/home/qeftser/vip/cppdiffdrive/cppdiffdrive/build/diff_drive'
[0.676s] [ 16%] Built target gtest
[0.676s] [ 33%] Built target gtest_main
[0.678s] /usr/bin/gmake  -f CMakeFiles/test_motor_interface.dir/build.make CMakeFiles/test_motor_interface.dir/depend
[0.681s] gmake[2]: Entering directory '/home/qeftser/vip/cppdiffdrive/cppdiffdrive/build/diff_drive'
[0.681s] cd /home/qeftser/vip/cppdiffdrive/cppdiffdrive/build/diff_drive && /usr/bin/cmake -E cmake_depends "Unix Makefiles" /home/qeftser/vip/cppdiffdrive/cppdiffdrive/src/diff_drive /home/qeftser/vip/cppdiffdrive/cppdiffdrive/src/diff_drive /home/qeftser/vip/cppdiffdrive/cppdiffdrive/build/diff_drive /home/qeftser/vip/cppdiffdrive/cppdiffdrive/build/diff_drive /home/qeftser/vip/cppdiffdrive/cppdiffdrive/build/diff_drive/CMakeFiles/test_motor_interface.dir/DependInfo.cmake "--color="
[0.682s] [ 50%] Built target cmd_vel_publisher
[0.684s] [ 66%] Built target diff_drive_node
[0.685s] [ 75%] [32m[1mLinking CXX executable motor_interface_node[0m
[0.687s] /usr/bin/cmake -E cmake_link_script CMakeFiles/motor_interface_node.dir/link.txt --verbose=1
[0.695s] gmake[2]: Leaving directory '/home/qeftser/vip/cppdiffdrive/cppdiffdrive/build/diff_drive'
[0.695s] /usr/bin/gmake  -f CMakeFiles/test_motor_interface.dir/build.make CMakeFiles/test_motor_interface.dir/build
[0.695s] /usr/bin/c++  -O3 CMakeFiles/motor_interface_node.dir/src/motor_interface_node.cpp.o -o motor_interface_node   -L/home/qeftser/vip/cppdiffdrive/cppdiffdrive/src/diff_drive/lib/x86_64  -Wl,-rpath,/home/qeftser/vip/cppdiffdrive/cppdiffdrive/src/diff_drive/lib/x86_64:/opt/ros/jazzy/lib: -lUnitreeMotorSDK /opt/ros/jazzy/lib/librclcpp.so /opt/ros/jazzy/lib/libstd_msgs__rosidl_typesupport_fastrtps_c.so /opt/ros/jazzy/lib/libstd_msgs__rosidl_typesupport_fastrtps_cpp.so /opt/ros/jazzy/lib/libstd_msgs__rosidl_typesupport_introspection_c.so /opt/ros/jazzy/lib/libstd_msgs__rosidl_typesupport_introspection_cpp.so /opt/ros/jazzy/lib/libstd_msgs__rosidl_typesupport_cpp.so /opt/ros/jazzy/lib/libstd_msgs__rosidl_generator_py.so /opt/ros/jazzy/lib/liblibstatistics_collector.so /opt/ros/jazzy/lib/librcl.so /opt/ros/jazzy/lib/librmw_implementation.so /opt/ros/jazzy/lib/libtype_description_interfaces__rosidl_typesupport_fastrtps_c.so /opt/ros/jazzy/lib/libtype_description_interfaces__rosidl_typesupport_introspection_c.so /opt/ros/jazzy/lib/libtype_description_interfaces__rosidl_typesupport_fastrtps_cpp.so /opt/ros/jazzy/lib/libtype_description_interfaces__rosidl_typesupport_introspection_cpp.so /opt/ros/jazzy/lib/libtype_description_interfaces__rosidl_typesupport_cpp.so /opt/ros/jazzy/lib/libtype_description_interfaces__rosidl_generator_py.so /opt/ros/jazzy/lib/libtype_description_interfaces__rosidl_typesupport_c.so /opt/ros/jazzy/lib/libtype_description_interfaces__rosidl_generator_c.so /opt/ros/jazzy/lib/librcl_interfaces__rosidl_typesupport_fastrtps_c.so /opt/ros/jazzy/lib/librcl_interfaces__rosidl_typesupport_introspection_c.so /opt/ros/jazzy/lib/librcl_interfaces__rosidl_typesupport_fastrtps_cpp.so /opt/ros/jazzy/lib/librcl_interfaces__rosidl_typesupport_introspection_cpp.so /opt/ros/jazzy/lib/librcl_interfaces__rosidl_typesupport_cpp.so /opt/ros/jazzy/lib/librcl_interfaces__rosidl_generator_py.so /opt/ros/jazzy/lib/librcl_interfaces__rosidl_typesupport_c.so /opt/ros/jazzy/lib/librcl_interfaces__rosidl_generator_c.so /opt/ros/jazzy/lib/libservice_msgs__rosidl_typesupport_fastrtps_c.so /opt/ros/jazzy/lib/libservice_msgs__rosidl_typesupport_introspection_c.so /opt/ros/jazzy/lib/libservice_msgs__rosidl_typesupport_fastrtps_cpp.so /opt/ros/jazzy/lib/libservice_msgs__rosidl_typesupport_introspection_cpp.so /opt/ros/jazzy/lib/libservice_msgs__rosidl_typesupport_cpp.so /opt/ros/jazzy/lib/libservice_msgs__rosidl_typesupport_c.so /opt/ros/jazzy/lib/libservice_msgs__rosidl_generator_c.so /opt/ros/jazzy/lib/librcl_yaml_param_parser.so /opt/ros/jazzy/lib/librosgraph_msgs__rosidl_typesupport_fastrtps_c.so /opt/ros/jazzy/lib/librosgraph_msgs__rosidl_typesupport_fastrtps_cpp.so /opt/ros/jazzy/lib/librosgraph_msgs__rosidl_typesupport_introspection_c.so /opt/ros/jazzy/lib/librosgraph_msgs__rosidl_typesupport_introspection_cpp.so /opt/ros/jazzy/lib/librosgraph_msgs__rosidl_typesupport_cpp.so /opt/ros/jazzy/lib/librosgraph_msgs__rosidl_generator_py.so /opt/ros/jazzy/lib/librosgraph_msgs__rosidl_typesupport_c.so /opt/ros/jazzy/lib/librosgraph_msgs__rosidl_generator_c.so /opt/ros/jazzy/lib/libstatistics_msgs__rosidl_typesupport_fastrtps_c.so /opt/ros/jazzy/lib/libstatistics_msgs__rosidl_typesupport_fastrtps_cpp.so /opt/ros/jazzy/lib/libstatistics_msgs__rosidl_typesupport_introspection_c.so /opt/ros/jazzy/lib/libstatistics_msgs__rosidl_typesupport_introspection_cpp.so /opt/ros/jazzy/lib/libstatistics_msgs__rosidl_typesupport_cpp.so /opt/ros/jazzy/lib/libstatistics_msgs__rosidl_generator_py.so /opt/ros/jazzy/lib/libstatistics_msgs__rosidl_typesupport_c.so /opt/ros/jazzy/lib/libstatistics_msgs__rosidl_generator_c.so /opt/ros/jazzy/lib/libtracetools.so -llttng-ust -llttng-ust-common -rdynamic -ldl /opt/ros/jazzy/lib/librcl_logging_interface.so /opt/ros/jazzy/lib/libstd_msgs__rosidl_typesupport_c.so /opt/ros/jazzy/lib/libstd_msgs__rosidl_generator_c.so /opt/ros/jazzy/lib/libbuiltin_interfaces__rosidl_typesupport_fastrtps_c.so /opt/ros/jazzy/lib/librosidl_typesupport_fastrtps_c.so /opt/ros/jazzy/lib/libbuiltin_interfaces__rosidl_typesupport_introspection_c.so /opt/ros/jazzy/lib/libbuiltin_interfaces__rosidl_typesupport_fastrtps_cpp.so /opt/ros/jazzy/lib/librosidl_typesupport_fastrtps_cpp.so /opt/ros/jazzy/lib/librmw.so /opt/ros/jazzy/lib/librosidl_dynamic_typesupport.so /opt/ros/jazzy/lib/libfastcdr.so.2.2.5 /opt/ros/jazzy/lib/libbuiltin_interfaces__rosidl_typesupport_introspection_cpp.so /opt/ros/jazzy/lib/librosidl_typesupport_introspection_cpp.so /opt/ros/jazzy/lib/librosidl_typesupport_introspection_c.so /opt/ros/jazzy/lib/libbuiltin_interfaces__rosidl_typesupport_cpp.so /opt/ros/jazzy/lib/librosidl_typesupport_cpp.so /opt/ros/jazzy/lib/libbuiltin_interfaces__rosidl_generator_py.so /opt/ros/jazzy/lib/libbuiltin_interfaces__rosidl_typesupport_c.so /opt/ros/jazzy/lib/libbuiltin_interfaces__rosidl_generator_c.so /opt/ros/jazzy/lib/librosidl_typesupport_c.so /opt/ros/jazzy/lib/librcpputils.so /opt/ros/jazzy/lib/librosidl_runtime_c.so /opt/ros/jazzy/lib/librcutils.so -ldl -latomic -Wl,-rpath-link,/opt/ros/jazzy/lib 
[0.697s] gmake[2]: Entering directory '/home/qeftser/vip/cppdiffdrive/cppdiffdrive/build/diff_drive'
[0.697s] gmake[2]: Nothing to be done for 'CMakeFiles/test_motor_interface.dir/build'.
[0.697s] gmake[2]: Leaving directory '/home/qeftser/vip/cppdiffdrive/cppdiffdrive/build/diff_drive'
[0.716s] [ 91%] Built target test_motor_interface
[0.817s] gmake[2]: Leaving directory '/home/qeftser/vip/cppdiffdrive/cppdiffdrive/build/diff_drive'
[0.828s] [100%] Built target motor_interface_node
[0.830s] gmake[1]: Leaving directory '/home/qeftser/vip/cppdiffdrive/cppdiffdrive/build/diff_drive'
[0.830s] /usr/bin/cmake -E cmake_progress_start /home/qeftser/vip/cppdiffdrive/cppdiffdrive/build/diff_drive/CMakeFiles 0
[0.843s] Invoked command in '/home/qeftser/vip/cppdiffdrive/cppdiffdrive/build/diff_drive' returned '0': CMAKE_PREFIX_PATH=${CMAKE_PREFIX_PATH}:/opt/ros/jazzy DEBUGINFOD_URLS=https://debuginfod.ubuntu.com /usr/bin/cmake --build /home/qeftser/vip/cppdiffdrive/cppdiffdrive/build/diff_drive -- -j8 -l8
[0.857s] Invoking command in '/home/qeftser/vip/cppdiffdrive/cppdiffdrive/build/diff_drive': CMAKE_PREFIX_PATH=${CMAKE_PREFIX_PATH}:/opt/ros/jazzy DEBUGINFOD_URLS=https://debuginfod.ubuntu.com /usr/bin/cmake --install /home/qeftser/vip/cppdiffdrive/cppdiffdrive/build/diff_drive
[0.870s] -- Install configuration: ""
[0.870s] -- Installing: /home/qeftser/vip/cppdiffdrive/cppdiffdrive/install/diff_drive/lib/diff_drive/diff_drive_node
[0.871s] -- Set non-toolchain portion of runtime path of "/home/qeftser/vip/cppdiffdrive/cppdiffdrive/install/diff_drive/lib/diff_drive/diff_drive_node" to ""
[0.871s] -- Installing: /home/qeftser/vip/cppdiffdrive/cppdiffdrive/install/diff_drive/lib/diff_drive/cmd_vel_publisher
[0.872s] -- Set non-toolchain portion of runtime path of "/home/qeftser/vip/cppdiffdrive/cppdiffdrive/install/diff_drive/lib/diff_drive/cmd_vel_publisher" to ""
[0.872s] -- Installing: /home/qeftser/vip/cppdiffdrive/cppdiffdrive/install/diff_drive/lib/diff_drive/motor_interface_node
[0.873s] -- Set non-toolchain portion of runtime path of "/home/qeftser/vip/cppdiffdrive/cppdiffdrive/install/diff_drive/lib/diff_drive/motor_interface_node" to "/opt/ros/jazzy/lib"
[0.873s] -- Up-to-date: /home/qeftser/vip/cppdiffdrive/cppdiffdrive/install/diff_drive/lib
[0.873s] -- Installing: /home/qeftser/vip/cppdiffdrive/cppdiffdrive/install/diff_drive/lib/libUnitreeMotorSDK.so
[0.873s] -- Installing: /home/qeftser/vip/cppdiffdrive/cppdiffdrive/install/diff_drive/lib/libUnitreeMotorSDK_Linux64.so
[0.874s] -- Installing: /home/qeftser/vip/cppdiffdrive/cppdiffdrive/install/diff_drive/share/ament_index/resource_index/package_run_dependencies/diff_drive
[0.874s] -- Installing: /home/qeftser/vip/cppdiffdrive/cppdiffdrive/install/diff_drive/share/ament_index/resource_index/parent_prefix_path/diff_drive
[0.875s] -- Installing: /home/qeftser/vip/cppdiffdrive/cppdiffdrive/install/diff_drive/share/diff_drive/environment/ament_prefix_path.sh
[0.875s] -- Installing: /home/qeftser/vip/cppdiffdrive/cppdiffdrive/install/diff_drive/share/diff_drive/environment/ament_prefix_path.dsv
[0.875s] -- Installing: /home/qeftser/vip/cppdiffdrive/cppdiffdrive/install/diff_drive/share/diff_drive/environment/path.sh
[0.875s] -- Installing: /home/qeftser/vip/cppdiffdrive/cppdiffdrive/install/diff_drive/share/diff_drive/environment/path.dsv
[0.875s] -- Installing: /home/qeftser/vip/cppdiffdrive/cppdiffdrive/install/diff_drive/share/diff_drive/local_setup.bash
[0.875s] -- Installing: /home/qeftser/vip/cppdiffdrive/cppdiffdrive/install/diff_drive/share/diff_drive/local_setup.sh
[0.875s] -- Installing: /home/qeftser/vip/cppdiffdrive/cppdiffdrive/install/diff_drive/share/diff_drive/local_setup.zsh
[0.875s] -- Installing: /home/qeftser/vip/cppdiffdrive/cppdiffdrive/install/diff_drive/share/diff_drive/local_setup.dsv
[0.876s] -- Installing: /home/qeftser/vip/cppdiffdrive/cppdiffdrive/install/diff_drive/share/diff_drive/package.dsv
[0.876s] -- Installing: /home/qeftser/vip/cppdiffdrive/cppdiffdrive/install/diff_drive/share/ament_index/resource_index/packages/diff_drive
[0.876s] -- Installing: /home/qeftser/vip/cppdiffdrive/cppdiffdrive/install/diff_drive/share/diff_drive/cmake/diff_driveConfig.cmake
[0.876s] -- Installing: /home/qeftser/vip/cppdiffdrive/cppdiffdrive/install/diff_drive/share/diff_drive/cmake/diff_driveConfig-version.cmake
[0.876s] -- Installing: /home/qeftser/vip/cppdiffdrive/cppdiffdrive/install/diff_drive/share/diff_drive/package.xml
[0.878s] Invoked command in '/home/qeftser/vip/cppdiffdrive/cppdiffdrive/build/diff_drive' returned '0': CMAKE_PREFIX_PATH=${CMAKE_PREFIX_PATH}:/opt/ros/jazzy DEBUGINFOD_URLS=https://debuginfod.ubuntu.com /usr/bin/cmake --install /home/qeftser/vip/cppdiffdrive/cppdiffdrive/build/diff_drive
